<?xml version="1.0" encoding="UTF-8"?>
<testsuite name="com.dummy.ActionTest" tests="1" skipped="0" failures="0" errors="0" timestamp="2020-07-04T07:45:48" hostname="localhost" time="0.001">
    <properties/>
    <system-out><![CDATA[]]></system-out>
    <system-err><![CDATA[]]></system-err>
</testsuite>
